<?xml version="1.0" encoding="UTF-8"?>
<!-- Generated by org.testng.reporters.JUnitReportReporter -->
<testsuite hostname="LAPTOP-34OBG346" failures="0" tests="1" name="scenario1.ExcelfileReading" time="0.560" errors="0" timestamp="2024-06-10T21:09:26 IST" skipped="0">
  <testcase classname="scenario1.ExcelfileReading" name="dataRead" time="0.560"/>
  <system-out/>
</testsuite> <!-- scenario1.ExcelfileReading -->
