<?xml version="1.0" encoding="UTF-8"?>
<!-- Generated by org.testng.reporters.JUnitReportReporter -->
<testsuite hostname="LAPTOP-34OBG346" failures="0" tests="1" name="webtest.ExcelfileReading" time="0.574" errors="0" timestamp="2024-06-10T20:48:47 IST" skipped="0">
  <testcase classname="webtest.ExcelfileReading" name="dataRead" time="0.574"/>
  <system-out/>
</testsuite> <!-- webtest.ExcelfileReading -->
