<?xml version="1.0" encoding="UTF-8"?>
<!-- Generated by org.testng.reporters.JUnitReportReporter -->
<testsuite hostname="LAPTOP-34OBG346" failures="0" tests="1" name="webtesting.ExtendReportTest" time="0.461" errors="0" timestamp="2024-06-10T22:23:44 IST" skipped="0">
  <testcase classname="webtesting.ExtendReportTest" name="testReport" time="0.461"/>
  <system-out/>
</testsuite> <!-- webtesting.ExtendReportTest -->
